<?xml version="1.0" encoding="UTF-8"?>
<testng-results skipped="0" failed="0" total="7" passed="7">
  <reporter-output>
  </reporter-output>
  <suite name="practice tests" duration-ms="1536" started-at="2015-04-18T10:20:05Z" finished-at="2015-04-18T10:20:06Z">
    <groups>
    </groups>
    <test name="String Tests" duration-ms="1536" started-at="2015-04-18T10:20:05Z" finished-at="2015-04-18T10:20:06Z">
      <class name="com.TestMethods.StringMethods">
        <test-method status="PASS" signature="StringAppend(java.lang.String, java.lang.String, java.lang.String)[pri:0, instance:com.TestMethods.StringMethods@2d6a9952]" name="StringAppend" duration-ms="28" started-at="2015-04-18T03:20:05Z" data-provider="stringAppendDataProvider" finished-at="2015-04-18T03:20:05Z">
          <params>
            <param index="0">
              <value>
                <![CDATA[uday]]>
              </value>
            </param>
            <param index="1">
              <value>
                <![CDATA[deep]]>
              </value>
            </param>
            <param index="2">
              <value>
                <![CDATA[udaydeep]]>
              </value>
            </param>
          </params>
          <reporter-output>
          </reporter-output>
        </test-method> <!-- StringAppend -->
        <test-method status="PASS" signature="StringAppend(java.lang.String, java.lang.String, java.lang.String)[pri:0, instance:com.TestMethods.StringMethods@2d6a9952]" name="StringAppend" duration-ms="2" started-at="2015-04-18T03:20:05Z" data-provider="stringAppendDataProvider" finished-at="2015-04-18T03:20:05Z">
          <params>
            <param index="0">
              <value>
                <![CDATA[ball]]>
              </value>
            </param>
            <param index="1">
              <value>
                <![CDATA[bat]]>
              </value>
            </param>
            <param index="2">
              <value>
                <![CDATA[ballbat]]>
              </value>
            </param>
          </params>
          <reporter-output>
          </reporter-output>
        </test-method> <!-- StringAppend -->
        <test-method status="PASS" signature="StringAppendForExcelData(java.lang.String, java.lang.String)[pri:0, instance:com.TestMethods.StringMethods@2d6a9952]" name="StringAppendForExcelData" duration-ms="1" started-at="2015-04-18T03:20:06Z" data-provider="ExcelDataProvider" finished-at="2015-04-18T03:20:06Z">
          <params>
            <param index="0">
              <value>
                <![CDATA[Bat]]>
              </value>
            </param>
            <param index="1">
              <value>
                <![CDATA[Ball]]>
              </value>
            </param>
          </params>
          <reporter-output>
          </reporter-output>
        </test-method> <!-- StringAppendForExcelData -->
        <test-method status="PASS" signature="StringLength(java.lang.String, int)[pri:0, instance:com.TestMethods.StringMethods@2d6a9952]" name="StringLength" duration-ms="2" started-at="2015-04-18T03:20:06Z" finished-at="2015-04-18T03:20:06Z">
          <params>
            <param index="0">
              <value>
                <![CDATA[uday]]>
              </value>
            </param>
            <param index="1">
              <value>
                <![CDATA[4]]>
              </value>
            </param>
          </params>
          <reporter-output>
          </reporter-output>
        </test-method> <!-- StringLength -->
        <test-method status="PASS" signature="stringReverse(java.lang.String, java.lang.String)[pri:0, instance:com.TestMethods.StringMethods@2d6a9952]" name="stringReverse" duration-ms="0" started-at="2015-04-18T03:20:06Z" data-provider="stringReverseDataProvider" finished-at="2015-04-18T03:20:06Z">
          <params>
            <param index="0">
              <value>
                <![CDATA[uday]]>
              </value>
            </param>
            <param index="1">
              <value>
                <![CDATA[yadu]]>
              </value>
            </param>
          </params>
          <reporter-output>
          </reporter-output>
        </test-method> <!-- stringReverse -->
        <test-method status="PASS" signature="stringReverse(java.lang.String, java.lang.String)[pri:0, instance:com.TestMethods.StringMethods@2d6a9952]" name="stringReverse" duration-ms="1" started-at="2015-04-18T03:20:06Z" data-provider="stringReverseDataProvider" finished-at="2015-04-18T03:20:06Z">
          <params>
            <param index="0">
              <value>
                <![CDATA[palindrome]]>
              </value>
            </param>
            <param index="1">
              <value>
                <![CDATA[emordnilap]]>
              </value>
            </param>
          </params>
          <reporter-output>
          </reporter-output>
        </test-method> <!-- stringReverse -->
        <test-method status="PASS" signature="subString(java.lang.String, java.lang.String, boolean)[pri:0, instance:com.TestMethods.StringMethods@2d6a9952]" name="subString" duration-ms="1" started-at="2015-04-18T03:20:06Z" data-provider="dataFromOtherProject" finished-at="2015-04-18T03:20:06Z">
          <params>
            <param index="0">
              <value>
                <![CDATA[udaydeep]]>
              </value>
            </param>
            <param index="1">
              <value>
                <![CDATA[uday]]>
              </value>
            </param>
            <param index="2">
              <value>
                <![CDATA[true]]>
              </value>
            </param>
          </params>
          <reporter-output>
          </reporter-output>
        </test-method> <!-- subString -->
      </class> <!-- com.TestMethods.StringMethods -->
    </test> <!-- String Tests -->
  </suite> <!-- practice tests -->
</testng-results>
