<?xml version="1.0" encoding="UTF-8"?>
<!-- Generated by org.testng.reporters.JUnitXMLReporter -->
<testsuite hostname="uday" name="Default test" tests="4" failures="0" timestamp="18 Apr 2015 08:45:32 GMT" time="0.096" errors="0">
  <testcase name="StringAppend" time="0.018" classname="com.TestMethods.StringMethods">
    <skipped/>
  </testcase> <!-- StringAppend -->
  <testcase name="StringAppendForExcelData" time="0.001" classname="com.TestMethods.StringMethods">
    <skipped/>
  </testcase> <!-- StringAppendForExcelData -->
  <testcase name="StringLength" time="0.003" classname="com.TestMethods.StringMethods">
    <skipped/>
  </testcase> <!-- StringLength -->
  <testcase name="stringReverse" time="0.001" classname="com.TestMethods.StringMethods">
    <skipped/>
  </testcase> <!-- stringReverse -->
</testsuite> <!-- Default test -->
