<?xml version="1.0" encoding="UTF-8"?>
<!-- Generated by org.testng.reporters.JUnitXMLReporter -->
<testsuite hostname="uday" name="String Tests" tests="7" failures="0" timestamp="18 Apr 2015 10:20:06 GMT" time="1.536" errors="0">
  <testcase name="StringAppend" time="0.028" classname="com.TestMethods.StringMethods"/>
  <testcase name="StringAppend" time="0.002" classname="com.TestMethods.StringMethods"/>
  <testcase name="StringAppendForExcelData" time="0.001" classname="com.TestMethods.StringMethods"/>
  <testcase name="StringLength" time="0.002" classname="com.TestMethods.StringMethods"/>
  <testcase name="stringReverse" time="0.0" classname="com.TestMethods.StringMethods"/>
  <testcase name="stringReverse" time="0.001" classname="com.TestMethods.StringMethods"/>
  <testcase name="subString" time="0.001" classname="com.TestMethods.StringMethods"/>
</testsuite> <!-- String Tests -->
